#! /usr/bin/vvp
:ivl_version "11.0 (stable)";
:ivl_delay_selection "TYPICAL";
:vpi_time_precision + 0;
:vpi_module "/usr/lib/x86_64-linux-gnu/ivl/system.vpi";
:vpi_module "/usr/lib/x86_64-linux-gnu/ivl/vhdl_sys.vpi";
:vpi_module "/usr/lib/x86_64-linux-gnu/ivl/vhdl_textio.vpi";
:vpi_module "/usr/lib/x86_64-linux-gnu/ivl/v2005_math.vpi";
:vpi_module "/usr/lib/x86_64-linux-gnu/ivl/va_math.vpi";
S_0x55d1db0f5800 .scope module, "bitchecksum_tb" "bitchecksum_tb" 2 2;
 .timescale 0 0;
v0x55d1db11d570_0 .net "checksum", 7 0, v0x55d1db0cf7b0_0;  1 drivers
v0x55d1db11d630_0 .var "clk", 0 0;
v0x55d1db11d700_0 .var "data", 31 0;
S_0x55d1db109100 .scope module, "dut" "bitchecksum" 2 7, 3 1 0, S_0x55d1db0f5800;
 .timescale 0 0;
    .port_info 0 /INPUT 32 "data";
    .port_info 1 /INPUT 1 "clk";
    .port_info 2 /OUTPUT 8 "checksum";
v0x55d1db0cf7b0_0 .var "checksum", 7 0;
v0x55d1db0cfba0_0 .net "clk", 0 0, v0x55d1db11d630_0;  1 drivers
v0x55d1db11d260_0 .net "data", 31 0, v0x55d1db11d700_0;  1 drivers
v0x55d1db11d320_0 .var "overflow", 0 0;
v0x55d1db11d3e0_0 .var "sum", 0 0;
E_0x55d1db0ce800 .event posedge, v0x55d1db0cfba0_0;
    .scope S_0x55d1db109100;
T_0 ;
    %wait E_0x55d1db0ce800;
    %load/vec4 v0x55d1db11d260_0;
    %parti/s 8, 8, 5;
    %load/vec4 v0x55d1db11d260_0;
    %parti/s 8, 0, 2;
    %add;
    %pad/u 2;
    %split/vec4 1;
    %store/vec4 v0x55d1db11d3e0_0, 0, 1;
    %store/vec4 v0x55d1db11d320_0, 0, 1;
    %load/vec4 v0x55d1db11d3e0_0;
    %load/vec4 v0x55d1db11d320_0;
    %add;
    %store/vec4 v0x55d1db11d3e0_0, 0, 1;
    %load/vec4 v0x55d1db11d260_0;
    %parti/s 8, 16, 6;
    %load/vec4 v0x55d1db11d3e0_0;
    %pad/u 8;
    %add;
    %pad/u 2;
    %split/vec4 1;
    %store/vec4 v0x55d1db11d3e0_0, 0, 1;
    %store/vec4 v0x55d1db11d320_0, 0, 1;
    %load/vec4 v0x55d1db11d3e0_0;
    %load/vec4 v0x55d1db11d320_0;
    %add;
    %store/vec4 v0x55d1db11d3e0_0, 0, 1;
    %load/vec4 v0x55d1db11d260_0;
    %parti/s 9, 23, 6;
    %load/vec4 v0x55d1db11d3e0_0;
    %pad/u 9;
    %add;
    %pad/u 2;
    %split/vec4 1;
    %store/vec4 v0x55d1db11d3e0_0, 0, 1;
    %store/vec4 v0x55d1db11d320_0, 0, 1;
    %load/vec4 v0x55d1db11d3e0_0;
    %load/vec4 v0x55d1db11d320_0;
    %add;
    %store/vec4 v0x55d1db11d3e0_0, 0, 1;
    %load/vec4 v0x55d1db11d3e0_0;
    %pad/u 8;
    %inv;
    %store/vec4 v0x55d1db0cf7b0_0, 0, 8;
    %jmp T_0;
    .thread T_0;
    .scope S_0x55d1db0f5800;
T_1 ;
    %pushi/vec4 0, 0, 1;
    %store/vec4 v0x55d1db11d630_0, 0, 1;
T_1.0 ;
    %delay 10, 0;
    %load/vec4 v0x55d1db11d630_0;
    %inv;
    %store/vec4 v0x55d1db11d630_0, 0, 1;
    %jmp T_1.0;
    %end;
    .thread T_1;
    .scope S_0x55d1db0f5800;
T_2 ;
    %delay 8, 0;
    %pushi/vec4 1, 0, 32;
    %store/vec4 v0x55d1db11d700_0, 0, 32;
    %delay 10, 0;
    %pushi/vec4 16, 0, 32;
    %store/vec4 v0x55d1db11d700_0, 0, 32;
    %delay 10, 0;
    %pushi/vec4 256, 0, 32;
    %store/vec4 v0x55d1db11d700_0, 0, 32;
    %delay 10, 0;
    %pushi/vec4 4096, 0, 32;
    %store/vec4 v0x55d1db11d700_0, 0, 32;
    %delay 10, 0;
    %pushi/vec4 65536, 0, 32;
    %store/vec4 v0x55d1db11d700_0, 0, 32;
    %delay 10, 0;
    %pushi/vec4 1048576, 0, 32;
    %store/vec4 v0x55d1db11d700_0, 0, 32;
    %delay 10, 0;
    %pushi/vec4 16777216, 0, 32;
    %store/vec4 v0x55d1db11d700_0, 0, 32;
    %delay 10, 0;
    %pushi/vec4 268435456, 0, 32;
    %store/vec4 v0x55d1db11d700_0, 0, 32;
    %delay 10, 0;
    %end;
    .thread T_2;
    .scope S_0x55d1db0f5800;
T_3 ;
    %vpi_call 2 37 "$dumpfile", "checksum.vcd" {0 0 0};
    %vpi_call 2 38 "$dumpvars", 32'sb00000000000000000000000000000001, S_0x55d1db0f5800 {0 0 0};
    %end;
    .thread T_3;
# The file index is used to find the file name in the following table.
:file_names 4;
    "N/A";
    "<interactive>";
    "checksum_tb.v";
    "./checksum_generate.v";
